[INFO ] 2024-11-26 13:39:23.669 [main] MyStore - url opened
[INFO ] 2024-11-26 13:39:24.330 [main] MyStore - 
 *******************Test case search product Started******************
[INFO ] 2024-11-26 13:40:03.905 [main] MyStore - url opened
[INFO ] 2024-11-26 13:40:05.673 [main] MyStore - 
 *******************Test case search product Started******************
[INFO ] 2024-11-26 13:40:13.377 [main] MyStore - Verify registered user login - Passed
[INFO ] 2024-11-26 13:40:17.263 [main] MyStore - Enter product to search...
[INFO ] 2024-11-26 13:40:19.100 [main] MyStore - Scroll the window and click on view product
[INFO ] 2024-11-26 13:40:20.620 [main] MyStore - Verify the name of the product
[INFO ] 2024-11-26 13:40:20.622 [main] MyStore - Verify product - Passed
[INFO ] 2024-11-26 13:40:20.622 [main] MyStore - Enter the quantity of products
[INFO ] 2024-11-26 13:40:20.905 [main] MyStore - Add product to the cart
[INFO ] 2024-11-26 13:40:21.071 [main] MyStore - View cart details and checkout
[INFO ] 2024-11-26 13:40:24.626 [main] MyStore - Click on place order
[INFO ] 2024-11-26 13:40:26.148 [main] MyStore - Enter card details
[INFO ] 2024-11-26 13:40:29.860 [main] MyStore - Review order which you placed...
[INFO ] 2024-11-26 13:40:29.920 [main] MyStore - Download Invoice
[INFO ] 2024-11-26 13:40:30.627 [main] MyStore - Click on continue
[INFO ] 2024-11-26 13:40:32.998 [main] MyStore - After purchase => Logout
